<?xml version="1.0" encoding="utf-8"?>
<TestRun id="4d8d9f1c-bfd0-47c8-a033-291019c3aa06" name="NethmaWimalasuriya@NETHMA 2023-02-28 13:03:24" runUser="AzureAD\NethmaWimalasuriya" xmlns="http://microsoft.com/schemas/VisualStudio/TeamTest/2010">
  <Times creation="2023-02-28T13:03:24.9578327+00:00" queuing="2023-02-28T13:03:24.9578329+00:00" start="2023-02-28T13:02:36.3584505+00:00" finish="2023-02-28T13:04:22.1153566+00:00" />
  <TestSettings name="default" id="21074130-f307-4ed2-b43e-8aaa5fcca612">
    <Deployment runDeploymentRoot="NethmaWimalasuriya_NETHMA_2023-02-28_13_03_24" />
  </TestSettings>
  <Results>
    <UnitTestResult executionId="745716de-feb1-4861-8553-f59b5a3b4f2b" testId="c422f37e-cfcc-9883-cf3d-a2be03938301" testName="TestCase1" computerName="NETHMA" duration="00:00:47.9609460" startTime="2023-02-28T13:02:36.9480489+00:00" endTime="2023-02-28T13:03:24.9089454+00:00" testType="13cdc9d9-ddb5-4fa4-a97d-d965ccfc6d4b" outcome="Passed" testListId="8c84fa94-04c1-424b-9868-57a2d4851a1d" relativeResultsDirectory="745716de-feb1-4861-8553-f59b5a3b4f2b">
      <Output>
        <StdOut>Tests reports produced when ran in cmd and developer powershell&#xD;
Firefox Browser has opened&#xD;
New User registered successfully&#xD;
Attempt to login a registered user&#xD;
Login Success&#xD;
Successfully navigated to the Shop page&#xD;
Starting search for an item of clothing&#xD;
Scrolling down to view the list of products&#xD;
The selected item of clothing (Belt) has been added to the Cart&#xD;
The coupon code (edgewords) has been applied&#xD;
The subtotal is £55.00&#xD;
Correct discount calculated with the coupon should be £8.25&#xD;
Incorrect discount calculated with the coupon is £5.50&#xD;
The correct discount has been applied - £8.25 has been deducted&#xD;
The subtotal is £55.00, the coupon discount is £8.25, and the shipping cost is £3.95&#xD;
The total amount charged (£50.70) is correct&#xD;
User has successfully logged out&#xD;
Cart is cleared&#xD;
Browser has closed</StdOut>
      </Output>
    </UnitTestResult>
    <UnitTestResult executionId="ff3f967c-d68a-4d34-8c85-2219303f31a9" testId="b79925cd-5a66-88ea-ec63-5bfca20dd92e" testName="TestCase2" computerName="NETHMA" duration="00:00:57.1409080" startTime="2023-02-28T13:03:24.9129520+00:00" endTime="2023-02-28T13:04:22.0538588+00:00" testType="13cdc9d9-ddb5-4fa4-a97d-d965ccfc6d4b" outcome="Passed" testListId="8c84fa94-04c1-424b-9868-57a2d4851a1d" relativeResultsDirectory="ff3f967c-d68a-4d34-8c85-2219303f31a9">
      <Output>
        <StdOut>Tests reports produced when ran in cmd and developer powershell&#xD;
Firefox Browser has opened&#xD;
On the homepage&#xD;
Bottom warning is dismissed&#xD;
Attempt to login a registered user&#xD;
Login Success&#xD;
On the shop page&#xD;
Starting search for an item of clothing&#xD;
Scrolling down to view the list of products&#xD;
The selected item of clothing (Hoodie with Pocket) has been added to the Cart&#xD;
Checkout page is displayed&#xD;
User's billing details have been correctly inputted&#xD;
User has selected preferred payment method - 'check payments'&#xD;
Order has successfully been placed&#xD;
Order number is : 5027&#xD;
Screenshot taken - see report&#xD;
Order number is correctly displayed in the orders page under My account&#xD;
User has successfully logged out&#xD;
Browser has closed</StdOut>
      </Output>
      <ResultFiles>
        <ResultFile path="NETHMA\Screenshot-OrderConfirmationPage.png" />
      </ResultFiles>
    </UnitTestResult>
  </Results>
  <TestDefinitions>
    <UnitTest name="TestCase1" storage="c:\users\nethmawimalasuriya\source\repos\e-commerce.final.project\e-commerce.final.project\bin\debug\net6.0\e-commerce.final.project.dll" id="c422f37e-cfcc-9883-cf3d-a2be03938301">
      <Execution id="745716de-feb1-4861-8553-f59b5a3b4f2b" />
      <TestMethod codeBase="C:\Users\NethmaWimalasuriya\source\repos\e-Commerce.Final.Project\e-Commerce.Final.Project\bin\Debug\net6.0\e-Commerce.Final.Project.dll" adapterTypeName="executor://nunit3testexecutor/" className="e_Commerce.Final.Project.TestCaseOne" name="TestCase1" />
    </UnitTest>
    <UnitTest name="TestCase2" storage="c:\users\nethmawimalasuriya\source\repos\e-commerce.final.project\e-commerce.final.project\bin\debug\net6.0\e-commerce.final.project.dll" id="b79925cd-5a66-88ea-ec63-5bfca20dd92e">
      <Execution id="ff3f967c-d68a-4d34-8c85-2219303f31a9" />
      <TestMethod codeBase="C:\Users\NethmaWimalasuriya\source\repos\e-Commerce.Final.Project\e-Commerce.Final.Project\bin\Debug\net6.0\e-Commerce.Final.Project.dll" adapterTypeName="executor://nunit3testexecutor/" className="e_Commerce.Final.Project.TestCases.TestCaseTwo" name="TestCase2" />
    </UnitTest>
  </TestDefinitions>
  <TestEntries>
    <TestEntry testId="c422f37e-cfcc-9883-cf3d-a2be03938301" executionId="745716de-feb1-4861-8553-f59b5a3b4f2b" testListId="8c84fa94-04c1-424b-9868-57a2d4851a1d" />
    <TestEntry testId="b79925cd-5a66-88ea-ec63-5bfca20dd92e" executionId="ff3f967c-d68a-4d34-8c85-2219303f31a9" testListId="8c84fa94-04c1-424b-9868-57a2d4851a1d" />
  </TestEntries>
  <TestLists>
    <TestList name="Results Not in a List" id="8c84fa94-04c1-424b-9868-57a2d4851a1d" />
    <TestList name="All Loaded Results" id="19431567-8539-422a-85d7-44ee4e166bda" />
  </TestLists>
  <ResultSummary outcome="Completed">
    <Counters total="2" executed="2" passed="2" failed="0" error="0" timeout="0" aborted="0" inconclusive="0" passedButRunAborted="0" notRunnable="0" notExecuted="0" disconnected="0" warning="0" completed="0" inProgress="0" pending="0" />
    <Output>
      <StdOut>NUnit Adapter 4.3.1.0: Test execution started&#xD;
Running all tests in C:\Users\NethmaWimalasuriya\source\repos\e-Commerce.Final.Project\e-Commerce.Final.Project\bin\Debug\net6.0\e-Commerce.Final.Project.dll&#xD;
   NUnit3TestExecutor discovered 2 of 2 NUnit test cases using Current Discovery mode, Non-Explicit run&#xD;
NUnit Adapter 4.3.1.0: Test execution complete&#xD;
</StdOut>
    </Output>
    <RunInfos>
      <RunInfo computerName="NETHMA" outcome="Warning" timestamp="2023-02-28T13:03:24.9328965+00:00">
        <Text>Tests reports produced when ran in cmd and developer powershell&#xD;
Firefox Browser has opened&#xD;
New User registered successfully&#xD;
Attempt to login a registered user&#xD;
Login Success&#xD;
Successfully navigated to the Shop page&#xD;
Starting search for an item of clothing&#xD;
Scrolling down to view the list of products&#xD;
The selected item of clothing (Belt) has been added to the Cart&#xD;
The coupon code (edgewords) has been applied&#xD;
The subtotal is £55.00&#xD;
Correct discount calculated with the coupon should be £8.25&#xD;
Incorrect discount calculated with the coupon is £5.50&#xD;
The correct discount has been applied - £8.25 has been deducted&#xD;
The subtotal is £55.00, the coupon discount is £8.25, and the shipping cost is £3.95&#xD;
The total amount charged (£50.70) is correct&#xD;
User has successfully logged out&#xD;
Cart is cleared&#xD;
Browser has closed&#xD;
</Text>
      </RunInfo>
      <RunInfo computerName="NETHMA" outcome="Warning" timestamp="2023-02-28T13:04:22.0553562+00:00">
        <Text>Tests reports produced when ran in cmd and developer powershell&#xD;
Firefox Browser has opened&#xD;
On the homepage&#xD;
Bottom warning is dismissed&#xD;
Attempt to login a registered user&#xD;
Login Success&#xD;
On the shop page&#xD;
Starting search for an item of clothing&#xD;
Scrolling down to view the list of products&#xD;
The selected item of clothing (Hoodie with Pocket) has been added to the Cart&#xD;
Checkout page is displayed&#xD;
User's billing details have been correctly inputted&#xD;
User has selected preferred payment method - 'check payments'&#xD;
Order has successfully been placed&#xD;
Order number is : 5027&#xD;
Screenshot taken - see report&#xD;
Order number is correctly displayed in the orders page under My account&#xD;
User has successfully logged out&#xD;
Browser has closed&#xD;
</Text>
      </RunInfo>
    </RunInfos>
  </ResultSummary>
</TestRun>